# Logfile created on 2017-10-24 15:06:16 +0530 by logger.rb/56815
  INFO ---------------------------------------------------------------------------
  INFO START 2017-10-24 15:06:16 +0530 cap production deploy
  INFO ---------------------------------------------------------------------------
  INFO [6daf7230] Running /usr/bin/env mkdir -p /tmp as deploy@34.231.242.45
 DEBUG [6daf7230] Command: /usr/bin/env mkdir -p /tmp
  INFO ---------------------------------------------------------------------------
  INFO START 2017-10-24 15:08:46 +0530 cap production deploy
  INFO ---------------------------------------------------------------------------
  INFO [4f04a1b1] Running /usr/bin/env mkdir -p /tmp as deploy@34.231.242.45
 DEBUG [4f04a1b1] Command: /usr/bin/env mkdir -p /tmp
  INFO [4f04a1b1] Finished in 4.093 seconds with exit status 0 (successful).
 DEBUG Uploading /tmp/git-ssh-node_form-production-nimishamba.sh 0.0%
  INFO Uploading /tmp/git-ssh-node_form-production-nimishamba.sh 100.0%
  INFO [bc21c937] Running /usr/bin/env chmod 700 /tmp/git-ssh-node_form-production-nimishamba.sh as deploy@34.231.242.45
 DEBUG [bc21c937] Command: /usr/bin/env chmod 700 /tmp/git-ssh-node_form-production-nimishamba.sh
  INFO [bc21c937] Finished in 1.478 seconds with exit status 0 (successful).
  INFO [69e2b9ee] Running /usr/bin/env git ls-remote git@github.com:sunil-ramesh/node_form.git HEAD as deploy@34.231.242.45
 DEBUG [69e2b9ee] Command: ( export GIT_ASKPASS="/bin/echo" GIT_SSH="/tmp/git-ssh-node_form-production-nimishamba.sh" ; /usr/bin/env git ls-remote git@github.com:sunil-ramesh/node_form.git HEAD )
 DEBUG [69e2b9ee] 	/usr/bin/env: 
 DEBUG [69e2b9ee] 	git
 DEBUG [69e2b9ee] 	: No such file or directory
 DEBUG [69e2b9ee] 	
  INFO ---------------------------------------------------------------------------
  INFO START 2017-10-24 15:21:11 +0530 cap production deploy
  INFO ---------------------------------------------------------------------------
  INFO [7935b835] Running /usr/bin/env mkdir -p /tmp as deploy@34.231.242.45
 DEBUG [7935b835] Command: /usr/bin/env mkdir -p /tmp
  INFO [7935b835] Finished in 3.938 seconds with exit status 0 (successful).
 DEBUG Uploading /tmp/git-ssh-node_form-production-nimishamba.sh 0.0%
  INFO Uploading /tmp/git-ssh-node_form-production-nimishamba.sh 100.0%
  INFO [33592d66] Running /usr/bin/env chmod 700 /tmp/git-ssh-node_form-production-nimishamba.sh as deploy@34.231.242.45
 DEBUG [33592d66] Command: /usr/bin/env chmod 700 /tmp/git-ssh-node_form-production-nimishamba.sh
  INFO [33592d66] Finished in 1.256 seconds with exit status 0 (successful).
  INFO [df0f02da] Running /usr/bin/env git ls-remote git@github.com:sunil-ramesh/node_form.git HEAD as deploy@34.231.242.45
 DEBUG [df0f02da] Command: ( export GIT_ASKPASS="/bin/echo" GIT_SSH="/tmp/git-ssh-node_form-production-nimishamba.sh" ; /usr/bin/env git ls-remote git@github.com:sunil-ramesh/node_form.git HEAD )
 DEBUG [df0f02da] 	/usr/bin/env: 
 DEBUG [df0f02da] 	git
 DEBUG [df0f02da] 	: No such file or directory
 DEBUG [df0f02da] 	
